Arguments: 
  /Users/barbosa/.nvm/versions/node/v15.0.1/bin/node /usr/local/Cellar/yarn/1.22.10/libexec/bin/yarn.js add ./../../useform

PATH: 
  /Users/barbosa/.nvm/versions/node/v15.0.1/bin:/usr/local/bin:/usr/bin:/bin:/usr/sbin:/sbin:/Users/barbosa/.sdkman/candidates/maven/current/bin:/Users/barbosa/.sdkman/candidates/java/current/bin:/Users/barbosa/.nvm/versions/node/v15.0.1/bin:/Users/barbosa/.zinit/polaris/sbin:/Users/barbosa/.zinit/polaris/bin

Yarn version: 
  1.22.10

Node version: 
  15.0.1

Platform: 
  darwin x64

Trace: 
  Error: https://registry.yarnpkg.com/@forms%2fuseform: Not found
      at Request.params.callback [as _callback] (/usr/local/Cellar/yarn/1.22.10/libexec/lib/cli.js:66988:18)
      at Request.self.callback (/usr/local/Cellar/yarn/1.22.10/libexec/lib/cli.js:140749:22)
      at Request.emit (node:events:327:20)
      at Request.<anonymous> (/usr/local/Cellar/yarn/1.22.10/libexec/lib/cli.js:141721:10)
      at Request.emit (node:events:327:20)
      at IncomingMessage.<anonymous> (/usr/local/Cellar/yarn/1.22.10/libexec/lib/cli.js:141643:12)
      at Object.onceWrapper (node:events:433:28)
      at IncomingMessage.emit (node:events:339:22)
      at endReadableNT (node:internal/streams/readable:1289:12)
      at processTicksAndRejections (node:internal/process/task_queues:80:21)

npm manifest: 
  {
    "name": "@forms/web",
    "version": "1.0.0",
    "main": "index.ts",
    "license": "MIT",
    "scripts": {
      "start": "webpack-dev-server --mode development"
    },
    "dependencies": {
      "@forms/useform": "*",
      "react": "^16.13.1",
      "react-dom": "^16.13.1",
      "react-refresh": "^0.8.3"
    },
    "devDependencies": {
      "@babel/core": "^7.10.5",
      "@babel/plugin-proposal-class-properties": "^7.10.4",
      "@babel/preset-env": "^7.10.4",
      "@babel/preset-react": "^7.10.4",
      "@babel/preset-typescript": "^7.10.4",
      "@pmmmwh/react-refresh-webpack-plugin": "^0.3.3",
      "@types/react": "^16.9.43",
      "@types/react-dom": "^16.9.8",
      "babel-loader": "^8.1.0",
      "css-loader": "4.3.0",
      "html-webpack-plugin": "^4.3.0",
      "style-loader": "1.2.1",
      "webpack": "^4.43.0",
      "webpack-cli": "^3.3.12",
      "webpack-dev-server": "^3.11.0",
      "react-select": "3.1.0"
    }
  }

yarn manifest: 
  No manifest

Lockfile: 
  No lockfile
